2024-10-27 23:12:44,583:INFO:Added book: Introduction to Python (ID: 1)
2024-10-27 23:12:44,584:INFO:Added book: Data Structures (ID: 2)
2024-10-27 23:12:44,584:INFO:Added book: Algorithms Unlocked (ID: 3)
2024-10-27 23:12:44,584:INFO:Added book: Machine Learning Basics (ID: 4)
2024-10-27 23:12:44,584:INFO:Added book: Advanced Database Systems (ID: 5)
2024-10-27 23:12:44,589:INFO:Added user: Tom O'Neill (ID: 100)
2024-10-27 23:12:44,589:INFO:Added user: Sara Connor (ID: 101)
2024-10-27 23:12:44,589:INFO:Added user: James Kirk (ID: 102)
2024-10-27 23:12:44,589:INFO:Added user: Jean-Luc Picard (ID: 103)
2024-10-27 23:12:44,590:INFO:Added user: Leia Organa (ID: 104)
2024-10-27 23:15:10,353:INFO:Borrowed book: Data Structures (ID: 2) by user Jean-Luc Picard (ID: 103)
2024-10-28 23:52:19,018:INFO:Added book: Introduction to Python (ID: 1)
2024-10-28 23:52:19,019:INFO:Added book: Data Structures (ID: 2)
2024-10-28 23:52:19,019:INFO:Added book: Algorithms Unlocked (ID: 3)
2024-10-28 23:52:19,019:INFO:Added book: Machine Learning Basics (ID: 4)
2024-10-28 23:52:19,019:INFO:Added book: Advanced Database Systems (ID: 5)
2024-10-28 23:52:19,040:INFO:Added user: Tom O'Neill (ID: 100)
2024-10-28 23:52:19,040:INFO:Added user: Sara Connor (ID: 101)
2024-10-28 23:52:19,040:INFO:Added user: James Kirk (ID: 102)
2024-10-28 23:52:19,040:INFO:Added user: Jean-Luc Picard (ID: 103)
2024-10-28 23:52:19,040:INFO:Added user: Leia Organa (ID: 104)
2024-10-28 23:54:01,121:INFO:Borrowed book: Advanced Database Systems (ID: 5) by user James Kirk (ID: 102)
2024-10-28 23:56:27,747:INFO:Added book: Introduction to Python (ID: 1)
2024-10-28 23:56:27,747:INFO:Added book: Data Structures (ID: 2)
2024-10-28 23:56:27,747:INFO:Added book: Algorithms Unlocked (ID: 3)
2024-10-28 23:56:27,747:INFO:Added book: Machine Learning Basics (ID: 4)
2024-10-28 23:56:27,747:INFO:Added book: Advanced Database Systems (ID: 5)
2024-10-28 23:56:27,755:INFO:Added user: Tom O'Neill (ID: 100)
2024-10-28 23:56:27,755:INFO:Added user: Sara Connor (ID: 101)
2024-10-28 23:56:27,756:INFO:Added user: James Kirk (ID: 102)
2024-10-28 23:56:27,756:INFO:Added user: Jean-Luc Picard (ID: 103)
2024-10-28 23:56:27,756:INFO:Added user: Leia Organa (ID: 104)
2024-10-28 23:56:53,357:INFO:Requested return of overdue book: Data Structures (ID: 2) by user Tom O'Neill (ID: 100)
2024-10-28 23:57:13,750:INFO:Overdue request for book 'Data Structures' marked as paid by user Tom O'Neill.
2024-10-29 00:02:19,703:INFO:Added book: Introduction to Python (ID: 1)
2024-10-29 00:02:19,703:INFO:Added book: Data Structures (ID: 2)
2024-10-29 00:02:19,703:INFO:Added book: Algorithms Unlocked (ID: 3)
2024-10-29 00:02:19,703:INFO:Added book: Machine Learning Basics (ID: 4)
2024-10-29 00:02:19,703:INFO:Added book: Advanced Database Systems (ID: 5)
2024-10-29 00:02:19,711:INFO:Added user: Tom O'Neill (ID: 100)
2024-10-29 00:02:19,711:INFO:Added user: Sara Connor (ID: 101)
2024-10-29 00:02:19,712:INFO:Added user: James Kirk (ID: 102)
2024-10-29 00:02:19,712:INFO:Added user: Jean-Luc Picard (ID: 103)
2024-10-29 00:02:19,712:INFO:Added user: Leia Organa (ID: 104)
2024-10-29 00:02:32,508:INFO:Added book: Introduction to Python (ID: 1)
2024-10-29 00:02:32,508:INFO:Added book: Data Structures (ID: 2)
2024-10-29 00:02:32,508:INFO:Added book: Algorithms Unlocked (ID: 3)
2024-10-29 00:02:32,508:INFO:Added book: Machine Learning Basics (ID: 4)
2024-10-29 00:02:32,508:INFO:Added book: Advanced Database Systems (ID: 5)
2024-10-29 00:02:32,514:INFO:Added user: Tom O'Neill (ID: 100)
2024-10-29 00:02:32,514:INFO:Added user: Sara Connor (ID: 101)
2024-10-29 00:02:32,514:INFO:Added user: James Kirk (ID: 102)
2024-10-29 00:02:32,514:INFO:Added user: Jean-Luc Picard (ID: 103)
2024-10-29 00:02:32,514:INFO:Added user: Leia Organa (ID: 104)
2024-10-29 00:02:50,003:INFO:Requested return of overdue book: Introduction to Python (ID: 1) by user Tom O'Neill (ID: 100)
2024-10-29 00:03:02,123:INFO:Borrowed book: Data Structures (ID: 2) by user Tom O'Neill (ID: 100)
2024-10-29 00:11:50,449:INFO:Added book: Introduction to Python (ID: 1)
2024-10-29 00:11:50,449:INFO:Added book: Data Structures (ID: 2)
2024-10-29 00:11:50,449:INFO:Added book: Algorithms Unlocked (ID: 3)
2024-10-29 00:11:50,450:INFO:Added book: Machine Learning Basics (ID: 4)
2024-10-29 00:11:50,450:INFO:Added book: Advanced Database Systems (ID: 5)
2024-10-29 00:11:50,455:INFO:Added user: Tom O'Neill (ID: 100)
2024-10-29 00:11:50,455:INFO:Added user: Sara Connor (ID: 101)
2024-10-29 00:11:50,455:INFO:Added user: James Kirk (ID: 102)
2024-10-29 00:11:50,455:INFO:Added user: Jean-Luc Picard (ID: 103)
2024-10-29 00:11:50,456:INFO:Added user: Leia Organa (ID: 104)
2024-10-29 00:12:05,577:INFO:Requested return of overdue book: Algorithms Unlocked (ID: 3) by user Sara Connor (ID: 101)
2024-10-29 00:12:21,035:INFO:Overdue request for book 'Algorithms Unlocked' marked as paid by user Sara Connor.
2024-10-29 00:34:49,076:INFO:Added book: Introduction to Python (ID: 1)
2024-10-29 00:34:49,076:INFO:Added book: Data Structures (ID: 2)
2024-10-29 00:34:49,076:INFO:Added book: Algorithms Unlocked (ID: 3)
2024-10-29 00:34:49,076:INFO:Added book: Machine Learning Basics (ID: 4)
2024-10-29 00:34:49,076:INFO:Added book: Advanced Database Systems (ID: 5)
2024-10-29 00:34:49,081:INFO:Added user: Tom O'Neill (ID: 100)
2024-10-29 00:34:49,082:INFO:Added user: Sara Connor (ID: 101)
2024-10-29 00:34:49,082:INFO:Added user: James Kirk (ID: 102)
2024-10-29 00:34:49,082:INFO:Added user: Jean-Luc Picard (ID: 103)
2024-10-29 00:34:49,082:INFO:Added user: Leia Organa (ID: 104)
2024-10-29 00:36:14,840:INFO:Added book: Introduction to Python (ID: 1)
2024-10-29 00:36:14,840:INFO:Added book: Data Structures (ID: 2)
2024-10-29 00:36:14,840:INFO:Added book: Algorithms Unlocked (ID: 3)
2024-10-29 00:36:14,840:INFO:Added book: Machine Learning Basics (ID: 4)
2024-10-29 00:36:14,840:INFO:Added book: Advanced Database Systems (ID: 5)
2024-10-29 00:36:14,845:INFO:Added user: Tom O'Neill (ID: 100)
2024-10-29 00:36:14,846:INFO:Added user: Sara Connor (ID: 101)
2024-10-29 00:36:14,846:INFO:Added user: James Kirk (ID: 102)
2024-10-29 00:36:14,846:INFO:Added user: Jean-Luc Picard (ID: 103)
2024-10-29 00:36:14,846:INFO:Added user: Leia Organa (ID: 104)
2024-10-29 00:36:57,770:INFO:Added book: Introduction to Python (ID: 1)
2024-10-29 00:36:57,770:INFO:Added book: Data Structures (ID: 2)
2024-10-29 00:36:57,770:INFO:Added book: Algorithms Unlocked (ID: 3)
2024-10-29 00:36:57,770:INFO:Added book: Machine Learning Basics (ID: 4)
2024-10-29 00:36:57,770:INFO:Added book: Advanced Database Systems (ID: 5)
2024-10-29 00:36:57,776:INFO:Added user: Tom O'Neill (ID: 100)
2024-10-29 00:36:57,776:INFO:Added user: Sara Connor (ID: 101)
2024-10-29 00:36:57,776:INFO:Added user: James Kirk (ID: 102)
2024-10-29 00:36:57,777:INFO:Added user: Jean-Luc Picard (ID: 103)
2024-10-29 00:36:57,777:INFO:Added user: Leia Organa (ID: 104)
2024-10-29 00:37:05,226:INFO:Borrowed book: Introduction to Python (ID: 1) by user Sara Connor (ID: 101)
2024-10-29 00:37:15,688:INFO:User  James Kirk (ID: 102) reserved book: Introduction to Python (ID: 1)
2024-10-29 00:38:10,940:INFO:Added book: Introduction to Python (ID: 1)
2024-10-29 00:38:10,940:INFO:Added book: Data Structures (ID: 2)
2024-10-29 00:38:10,940:INFO:Added book: Algorithms Unlocked (ID: 3)
2024-10-29 00:38:10,941:INFO:Added book: Machine Learning Basics (ID: 4)
2024-10-29 00:38:10,941:INFO:Added book: Advanced Database Systems (ID: 5)
2024-10-29 00:38:10,945:INFO:Added user: Tom O'Neill (ID: 100)
2024-10-29 00:38:10,946:INFO:Added user: Sara Connor (ID: 101)
2024-10-29 00:38:10,946:INFO:Added user: James Kirk (ID: 102)
2024-10-29 00:38:10,946:INFO:Added user: Jean-Luc Picard (ID: 103)
2024-10-29 00:38:10,946:INFO:Added user: Leia Organa (ID: 104)
2024-10-29 00:38:22,325:INFO:Requested return of overdue book: Introduction to Python (ID: 1) by user Sara Connor (ID: 101)
2024-10-29 00:38:38,158:INFO:Borrowed book: Introduction to Python (ID: 1) by user James Kirk (ID: 102)
2024-10-29 00:46:52,953:INFO:Added book: Introduction to Python (ID: 1)
2024-10-29 00:46:52,954:INFO:Added book: Data Structures (ID: 2)
2024-10-29 00:46:52,954:INFO:Added book: Algorithms Unlocked (ID: 3)
2024-10-29 00:46:52,954:INFO:Added book: Machine Learning Basics (ID: 4)
2024-10-29 00:46:52,954:INFO:Added book: Advanced Database Systems (ID: 5)
2024-10-29 00:46:52,960:INFO:Added user: Tom O'Neill (ID: 100)
2024-10-29 00:46:52,960:INFO:Added user: Sara Connor (ID: 101)
2024-10-29 00:46:52,960:INFO:Added user: James Kirk (ID: 102)
2024-10-29 00:46:52,960:INFO:Added user: Jean-Luc Picard (ID: 103)
2024-10-29 00:46:52,960:INFO:Added user: Leia Organa (ID: 104)
2024-10-29 00:47:03,797:INFO:User  Sara Connor (ID: 101) reserved book: Introduction to Python (ID: 1)
2024-10-29 00:51:04,535:INFO:Added book: Introduction to Python (ID: 1)
2024-10-29 00:51:04,536:INFO:Added book: Data Structures (ID: 2)
2024-10-29 00:51:04,536:INFO:Added book: Algorithms Unlocked (ID: 3)
2024-10-29 00:51:04,536:INFO:Added book: Machine Learning Basics (ID: 4)
2024-10-29 00:51:04,536:INFO:Added book: Advanced Database Systems (ID: 5)
2024-10-29 00:51:04,542:INFO:Added user: Tom O'Neill (ID: 100)
2024-10-29 00:51:04,542:INFO:Added user: Sara Connor (ID: 101)
2024-10-29 00:51:04,542:INFO:Added user: James Kirk (ID: 102)
2024-10-29 00:51:04,542:INFO:Added user: Jean-Luc Picard (ID: 103)
2024-10-29 00:51:04,543:INFO:Added user: Leia Organa (ID: 104)
2024-10-29 00:51:17,686:INFO:User  Sara Connor (ID: 101) reserved book: Introduction to Python (ID: 1)
2024-10-29 00:52:18,035:INFO:Added book: Introduction to Python (ID: 1)
2024-10-29 00:52:18,035:INFO:Added book: Data Structures (ID: 2)
2024-10-29 00:52:18,035:INFO:Added book: Algorithms Unlocked (ID: 3)
2024-10-29 00:52:18,035:INFO:Added book: Machine Learning Basics (ID: 4)
2024-10-29 00:52:18,036:INFO:Added book: Advanced Database Systems (ID: 5)
2024-10-29 00:52:18,041:INFO:Added user: Tom O'Neill (ID: 100)
2024-10-29 00:52:18,041:INFO:Added user: Sara Connor (ID: 101)
2024-10-29 00:52:18,041:INFO:Added user: James Kirk (ID: 102)
2024-10-29 00:52:18,041:INFO:Added user: Jean-Luc Picard (ID: 103)
2024-10-29 00:52:18,042:INFO:Added user: Leia Organa (ID: 104)
2024-10-29 00:52:50,926:INFO:User  Sara Connor (ID: 101) reserved book: Introduction to Python (ID: 1)
2024-10-29 01:02:44,257:INFO:Added book: Introduction to Python (ID: 1)
2024-10-29 01:02:44,257:INFO:Added book: Data Structures (ID: 2)
2024-10-29 01:02:44,257:INFO:Added book: Algorithms Unlocked (ID: 3)
2024-10-29 01:02:44,257:INFO:Added book: Machine Learning Basics (ID: 4)
2024-10-29 01:02:44,257:INFO:Added book: Advanced Database Systems (ID: 5)
2024-10-29 01:02:44,263:INFO:Added user: Tom O'Neill (ID: 100)
2024-10-29 01:02:44,264:INFO:Added user: Sara Connor (ID: 101)
2024-10-29 01:02:44,264:INFO:Added user: James Kirk (ID: 102)
2024-10-29 01:02:44,264:INFO:Added user: Jean-Luc Picard (ID: 103)
2024-10-29 01:02:44,264:INFO:Added user: Leia Organa (ID: 104)
2024-10-29 01:05:14,305:INFO:Added book: Introduction to Python (ID: 1)
2024-10-29 01:05:14,305:INFO:Added book: Data Structures (ID: 2)
2024-10-29 01:05:14,306:INFO:Added book: Algorithms Unlocked (ID: 3)
2024-10-29 01:05:14,306:INFO:Added book: Machine Learning Basics (ID: 4)
2024-10-29 01:05:14,306:INFO:Added book: Advanced Database Systems (ID: 5)
2024-10-29 01:05:14,312:INFO:Added user: Tom O'Neill (ID: 100)
2024-10-29 01:05:14,312:INFO:Added user: Sara Connor (ID: 101)
2024-10-29 01:05:14,312:INFO:Added user: James Kirk (ID: 102)
2024-10-29 01:05:14,312:INFO:Added user: Jean-Luc Picard (ID: 103)
2024-10-29 01:05:14,312:INFO:Added user: Leia Organa (ID: 104)
2024-10-29 01:05:21,605:INFO:User   Tom O'Neill (ID: 100) reserved book: Introduction to Python (ID: 1)
2024-10-29 01:05:57,462:INFO:Requested return of overdue book: Introduction to Python (ID: 1) by user James Kirk (ID: 102)
2024-10-29 01:06:33,695:INFO:Requested return of overdue book: Introduction to Python (ID: 1) by user Tom O'Neill (ID: 100)
2024-10-29 01:32:35,100:INFO:Added book: Introduction to Python (ID: 1)
2024-10-29 01:32:35,100:INFO:Added book: Data Structures (ID: 2)
2024-10-29 01:32:35,100:INFO:Added book: Algorithms Unlocked (ID: 3)
2024-10-29 01:32:35,100:INFO:Added book: Machine Learning Basics (ID: 4)
2024-10-29 01:32:35,100:INFO:Added book: Advanced Database Systems (ID: 5)
2024-10-29 01:32:35,106:INFO:Added user: Tom O'Neill (ID: 100)
2024-10-29 01:32:35,106:INFO:Added user: Sara Connor (ID: 101)
2024-10-29 01:32:35,107:INFO:Added user: James Kirk (ID: 102)
2024-10-29 01:32:35,107:INFO:Added user: Jean-Luc Picard (ID: 103)
2024-10-29 01:32:35,107:INFO:Added user: Leia Organa (ID: 104)
2024-10-29 01:37:57,562:INFO:Added book: Introduction to Python (ID: 1)
2024-10-29 01:37:57,563:INFO:Added book: Data Structures (ID: 2)
2024-10-29 01:37:57,563:INFO:Added book: Algorithms Unlocked (ID: 3)
2024-10-29 01:37:57,563:INFO:Added book: Machine Learning Basics (ID: 4)
2024-10-29 01:37:57,563:INFO:Added book: Advanced Database Systems (ID: 5)
2024-10-29 01:37:57,571:INFO:Added user: Tom O'Neill (ID: 100)
2024-10-29 01:37:57,571:INFO:Added user: Sara Connor (ID: 101)
2024-10-29 01:37:57,571:INFO:Added user: James Kirk (ID: 102)
2024-10-29 01:37:57,572:INFO:Added user: Jean-Luc Picard (ID: 103)
2024-10-29 01:37:57,572:INFO:Added user: Leia Organa (ID: 104)
2024-10-29 01:38:34,916:INFO:Added book: Introduction to Python (ID: 1)
2024-10-29 01:38:34,916:INFO:Added book: Data Structures (ID: 2)
2024-10-29 01:38:34,916:INFO:Added book: Algorithms Unlocked (ID: 3)
2024-10-29 01:38:34,916:INFO:Added book: Machine Learning Basics (ID: 4)
2024-10-29 01:38:34,916:INFO:Added book: Advanced Database Systems (ID: 5)
2024-10-29 01:38:34,922:INFO:Added user: Tom O'Neill (ID: 100)
2024-10-29 01:38:34,922:INFO:Added user: Sara Connor (ID: 101)
2024-10-29 01:38:34,922:INFO:Added user: James Kirk (ID: 102)
2024-10-29 01:38:34,922:INFO:Added user: Jean-Luc Picard (ID: 103)
2024-10-29 01:38:34,923:INFO:Added user: Leia Organa (ID: 104)
2024-10-29 08:44:55,192:INFO:Added book: Introduction to Python (ID: 1)
2024-10-29 08:44:55,192:INFO:Added book: Data Structures (ID: 2)
2024-10-29 08:44:55,193:INFO:Added book: Algorithms Unlocked (ID: 3)
2024-10-29 08:44:55,193:INFO:Added book: Machine Learning Basics (ID: 4)
2024-10-29 08:44:55,193:INFO:Added book: Advanced Database Systems (ID: 5)
2024-10-29 08:44:55,226:INFO:Added user: Tom O'Neill (ID: 100)
2024-10-29 08:44:55,226:INFO:Added user: Sara Connor (ID: 101)
2024-10-29 08:44:55,226:INFO:Added user: James Kirk (ID: 102)
2024-10-29 08:44:55,226:INFO:Added user: Jean-Luc Picard (ID: 103)
2024-10-29 08:44:55,227:INFO:Added user: Leia Organa (ID: 104)
2024-10-29 08:45:16,117:INFO:Borrowed book: Data Structures (ID: 2) by user Tom O'Neill (ID: 100)
2024-10-29 08:46:16,218:INFO:Requested return of overdue book: Data Structures (ID: 2) by user Tom O'Neill (ID: 100)
2024-10-29 08:46:53,702:INFO:Borrowed book: Introduction to Python (ID: 1) by user Leia Organa (ID: 104)
2024-10-29 09:38:25,684:INFO:Added book: Introduction to Python (ID: 1)
2024-10-29 09:38:25,684:INFO:Added book: Data Structures (ID: 2)
2024-10-29 09:38:25,685:INFO:Added book: Algorithms Unlocked (ID: 3)
2024-10-29 09:38:25,685:INFO:Added book: Machine Learning Basics (ID: 4)
2024-10-29 09:38:25,685:INFO:Added book: Advanced Database Systems (ID: 5)
2024-10-29 09:38:25,709:INFO:Added user: Leia Organa (ID: 104)
2024-10-29 09:39:01,286:INFO:Added book: a (ID: 14)
2024-10-29 09:39:14,675:INFO:Added user: kb (ID: 15)
2024-10-29 09:39:52,653:INFO:Borrowed book: Introduction to Python (ID: 1) by user kb (ID: 15)
2024-10-29 10:15:27,336:INFO:Added book: Introduction to Python (ID: 1)
2024-10-29 10:15:27,336:INFO:Added book: Data Structures (ID: 2)
2024-10-29 10:15:27,336:INFO:Added book: Algorithms Unlocked (ID: 3)
2024-10-29 10:15:27,336:INFO:Added book: Machine Learning Basics (ID: 4)
2024-10-29 10:15:27,337:INFO:Added book: Advanced Database Systems (ID: 5)
2024-10-29 10:15:27,337:INFO:Added book: a (ID: 14)
2024-10-29 10:15:27,343:INFO:Added user: kb (ID: 15)
2024-10-29 10:19:49,114:INFO:Added book: Introduction to Python (ID: 1)
2024-10-29 10:19:49,114:INFO:Added book: Data Structures (ID: 2)
2024-10-29 10:19:49,114:INFO:Added book: Algorithms Unlocked (ID: 3)
2024-10-29 10:19:49,114:INFO:Added book: Machine Learning Basics (ID: 4)
2024-10-29 10:19:49,115:INFO:Added book: Advanced Database Systems (ID: 5)
2024-10-29 10:19:49,115:INFO:Added book: a (ID: 14)
2024-10-29 10:19:49,120:INFO:Added user: kb (ID: 15)
2024-10-29 10:19:55,339:INFO:Added book: Introduction to Python (ID: 1)
2024-10-29 10:19:55,339:INFO:Added book: Data Structures (ID: 2)
2024-10-29 10:19:55,340:INFO:Added book: Algorithms Unlocked (ID: 3)
2024-10-29 10:19:55,340:INFO:Added book: Machine Learning Basics (ID: 4)
2024-10-29 10:19:55,340:INFO:Added book: Advanced Database Systems (ID: 5)
2024-10-29 10:19:55,340:INFO:Added book: a (ID: 14)
2024-10-29 10:19:55,345:INFO:Added user: kb (ID: 15)
2024-10-29 10:20:39,473:INFO:Added book: Introduction to Python (ID: 1)
2024-10-29 10:20:39,473:INFO:Added book: Data Structures (ID: 2)
2024-10-29 10:20:39,473:INFO:Added book: Algorithms Unlocked (ID: 3)
2024-10-29 10:20:39,473:INFO:Added book: Machine Learning Basics (ID: 4)
2024-10-29 10:20:39,473:INFO:Added book: Advanced Database Systems (ID: 5)
2024-10-29 10:20:39,473:INFO:Added book: a (ID: 14)
2024-10-29 10:20:39,478:INFO:Added user: kb (ID: 15)
2024-10-29 10:21:10,243:INFO:Added book: Introduction to Python (ID: 1)
2024-10-29 10:21:10,243:INFO:Added book: Data Structures (ID: 2)
2024-10-29 10:21:10,244:INFO:Added book: Algorithms Unlocked (ID: 3)
2024-10-29 10:21:10,244:INFO:Added book: Machine Learning Basics (ID: 4)
2024-10-29 10:21:10,244:INFO:Added book: Advanced Database Systems (ID: 5)
2024-10-29 10:21:10,244:INFO:Added book: a (ID: 14)
2024-10-29 10:21:10,250:INFO:Added user: kb (ID: 15)
2024-10-29 10:26:44,446:INFO:Added book: Introduction to Python (ID: 1)
2024-10-29 10:26:44,446:INFO:Added book: Data Structures (ID: 2)
2024-10-29 10:26:44,446:INFO:Added book: Algorithms Unlocked (ID: 3)
2024-10-29 10:26:44,446:INFO:Added book: Machine Learning Basics (ID: 4)
2024-10-29 10:26:44,446:INFO:Added book: Advanced Database Systems (ID: 5)
2024-10-29 10:26:44,446:INFO:Added book: a (ID: 14)
2024-10-29 10:26:44,452:INFO:Added user: kb (ID: 15)
2024-10-29 13:21:39,997:INFO:Added book: Introduction to Python (ID: 1)
2024-10-29 13:21:39,998:INFO:Added book: Data Structures (ID: 2)
2024-10-29 13:21:39,998:INFO:Added book: Algorithms Unlocked (ID: 3)
2024-10-29 13:21:39,998:INFO:Added book: Machine Learning Basics (ID: 4)
2024-10-29 13:21:39,998:INFO:Added book: Advanced Database Systems (ID: 5)
2024-10-29 13:21:39,998:INFO:Added book: a (ID: 14)
2024-10-29 13:21:40,004:INFO:Added user: kb (ID: 15)
2024-10-29 13:44:21,718:INFO:Added book: Introduction to Python (ID: 1)
2024-10-29 13:44:21,718:INFO:Added book: Data Structures (ID: 2)
2024-10-29 13:44:21,718:INFO:Added book: Algorithms Unlocked (ID: 3)
2024-10-29 13:44:21,718:INFO:Added book: Machine Learning Basics (ID: 4)
2024-10-29 13:44:21,719:INFO:Added book: Advanced Database Systems (ID: 5)
2024-10-29 13:44:21,726:INFO:Added user: kb (ID: 15)
2024-10-29 14:03:46,697:INFO:Added book: Introduction to Python (ID: 1)
2024-10-29 14:03:46,698:INFO:Added book: Data Structures (ID: 2)
2024-10-29 14:03:46,698:INFO:Added book: Algorithms Unlocked (ID: 3)
2024-10-29 14:03:46,698:INFO:Added book: Machine Learning Basics (ID: 4)
2024-10-29 14:03:46,698:INFO:Added book: Advanced Database Systems (ID: 5)
2024-10-29 14:03:46,705:INFO:Added user: kb (ID: 15)
2024-10-29 14:04:45,053:INFO:Added user: fs (ID: 1)
2024-10-29 14:05:01,635:INFO:Deleted user: 1
2024-10-29 14:05:59,626:INFO:Added book: Introduction to Python (ID: 1)
2024-10-29 14:05:59,627:INFO:Added book: Data Structures (ID: 2)
2024-10-29 14:05:59,627:INFO:Added book: Algorithms Unlocked (ID: 3)
2024-10-29 14:05:59,627:INFO:Added book: Machine Learning Basics (ID: 4)
2024-10-29 14:05:59,627:INFO:Added book: Advanced Database Systems (ID: 5)
2024-10-29 14:05:59,633:INFO:Added user: kb (ID: 15)
2024-10-29 14:11:51,626:INFO:Added book: Introduction to Python (ID: 1)
2024-10-29 14:11:51,626:INFO:Added book: Data Structures (ID: 2)
2024-10-29 14:11:51,626:INFO:Added book: Algorithms Unlocked (ID: 3)
2024-10-29 14:11:51,627:INFO:Added book: Machine Learning Basics (ID: 4)
2024-10-29 14:11:51,627:INFO:Added book: Advanced Database Systems (ID: 5)
2024-10-29 14:11:51,633:INFO:Added user: Leia Organa (ID: 104)
2024-10-29 14:13:51,998:INFO:Added book: Introduction to Python (ID: 1)
2024-10-29 14:13:51,998:INFO:Added book: Data Structures (ID: 2)
2024-10-29 14:13:51,998:INFO:Added book: Algorithms Unlocked (ID: 3)
2024-10-29 14:13:51,999:INFO:Added book: Machine Learning Basics (ID: 4)
2024-10-29 14:13:51,999:INFO:Added book: Advanced Database Systems (ID: 5)
2024-10-29 14:13:52,007:INFO:Added user: Leia Organa (ID: 104)
2024-10-29 14:15:03,281:INFO:Added book: Introduction to Python (ID: 1)
2024-10-29 14:15:03,281:INFO:Added book: Data Structures (ID: 2)
2024-10-29 14:15:03,281:INFO:Added book: Algorithms Unlocked (ID: 3)
2024-10-29 14:15:03,282:INFO:Added book: Machine Learning Basics (ID: 4)
2024-10-29 14:15:03,282:INFO:Added book: Advanced Database Systems (ID: 5)
2024-10-29 14:15:03,288:INFO:Added user: KB (ID: 103)
2024-10-29 14:15:15,522:INFO:Added user: b (ID: 122)
2024-10-29 14:17:11,825:INFO:Added book: Introduction to Python (ID: 1)
2024-10-29 14:17:11,825:INFO:Added book: Data Structures (ID: 2)
2024-10-29 14:17:11,825:INFO:Added book: Algorithms Unlocked (ID: 3)
2024-10-29 14:17:11,825:INFO:Added book: Machine Learning Basics (ID: 4)
2024-10-29 14:17:11,825:INFO:Added book: Advanced Database Systems (ID: 5)
2024-10-29 14:17:11,830:INFO:Added user: KB (ID: 103)
2024-10-29 14:17:11,830:INFO:Added user: b (ID: 122)
2024-10-29 14:19:43,161:INFO:Added book: Introduction to Python (ID: 1)
2024-10-29 14:19:43,161:INFO:Added book: Data Structures (ID: 2)
2024-10-29 14:19:43,162:INFO:Added book: Algorithms Unlocked (ID: 3)
2024-10-29 14:19:43,162:INFO:Added book: Machine Learning Basics (ID: 4)
2024-10-29 14:19:43,162:INFO:Added book: Advanced Database Systems (ID: 5)
2024-10-29 14:19:43,169:INFO:Added user: Tom O'Neill (ID: 100)
2024-10-29 14:19:43,169:INFO:Added user: Sara Connor (ID: 101)
2024-10-29 14:19:43,169:INFO:Added user: James Kirk (ID: 102)
2024-10-29 14:19:43,169:INFO:Added user: Jean-Luc Picard (ID: 103)
2024-10-29 14:19:43,169:INFO:Added user: Leia Organa (ID: 104)
2024-10-29 14:22:39,270:INFO:Added book: Introduction to Python (ID: 1)
2024-10-29 14:22:39,270:INFO:Added book: Data Structures (ID: 2)
2024-10-29 14:22:39,270:INFO:Added book: Algorithms Unlocked (ID: 3)
2024-10-29 14:22:39,270:INFO:Added book: Machine Learning Basics (ID: 4)
2024-10-29 14:22:39,270:INFO:Added book: Advanced Database Systems (ID: 5)
2024-10-29 14:22:39,276:INFO:Added user: Tom O'Neill (ID: 100)
2024-10-29 14:22:39,276:INFO:Added user: Sara Connor (ID: 101)
2024-10-29 14:22:39,276:INFO:Added user: James Kirk (ID: 102)
2024-10-29 14:22:39,276:INFO:Added user: Jean-Luc Picard (ID: 103)
2024-10-29 14:22:39,276:INFO:Added user: Leia Organa (ID: 104)
2024-10-29 14:25:54,897:INFO:Added book: Introduction to Python (ID: 1)
2024-10-29 14:25:54,897:INFO:Added book: Data Structures (ID: 2)
2024-10-29 14:25:54,897:INFO:Added book: Algorithms Unlocked (ID: 3)
2024-10-29 14:25:54,897:INFO:Added book: Machine Learning Basics (ID: 4)
2024-10-29 14:25:54,897:INFO:Added book: Advanced Database Systems (ID: 5)
2024-10-29 14:25:54,905:INFO:Added user: Tom O'Neill (ID: 100)
2024-10-29 14:25:54,905:INFO:Added user: Sara Connor (ID: 101)
2024-10-29 14:25:54,906:INFO:Added user: James Kirk (ID: 102)
2024-10-29 14:25:54,906:INFO:Added user: Jean-Luc Picard (ID: 103)
2024-10-29 14:25:54,906:INFO:Added user: Leia Organa (ID: 104)
2024-10-29 14:28:53,701:INFO:Added book: Introduction to Python (ID: 1)
2024-10-29 14:28:53,702:INFO:Added book: Data Structures (ID: 2)
2024-10-29 14:28:53,702:INFO:Added book: Algorithms Unlocked (ID: 3)
2024-10-29 14:28:53,702:INFO:Added book: Machine Learning Basics (ID: 4)
2024-10-29 14:28:53,702:INFO:Added book: Advanced Database Systems (ID: 5)
2024-10-29 14:28:53,709:INFO:Added user: Tom O'Neill (ID: 100)
2024-10-29 14:28:53,709:INFO:Added user: Sara Connor (ID: 101)
2024-10-29 14:28:53,710:INFO:Added user: James Kirk (ID: 102)
2024-10-29 14:28:53,710:INFO:Added user: Jean-Luc Picard (ID: 103)
2024-10-29 14:28:53,710:INFO:Added user: Leia Organa (ID: 104)
2024-10-29 15:09:45,610:INFO:Added book: Introduction to Python (ID: 1)
2024-10-29 15:09:45,610:INFO:Added book: Data Structures (ID: 2)
2024-10-29 15:09:45,611:INFO:Added book: Algorithms Unlocked (ID: 3)
2024-10-29 15:09:45,611:INFO:Added book: Machine Learning Basics (ID: 4)
2024-10-29 15:09:45,611:INFO:Added book: Advanced Database Systems (ID: 5)
2024-10-29 15:09:45,617:INFO:Added user: Tom O'Neill (ID: 100)
2024-10-29 15:09:45,617:INFO:Added user: Sara Connor (ID: 101)
2024-10-29 15:09:45,617:INFO:Added user: James Kirk (ID: 102)
2024-10-29 15:09:45,617:INFO:Added user: Jean-Luc Picard (ID: 103)
2024-10-29 15:09:45,617:INFO:Added user: Leia Organa (ID: 104)
2024-10-29 15:13:59,098:INFO:Requested return of overdue book: Introduction to Python (ID: 1) by user Tom O'Neill (ID: 100)
2024-10-29 15:15:07,715:INFO:Borrowed book: Algorithms Unlocked (ID: 3) by user Tom O'Neill (ID: 100)
2024-10-29 15:15:38,532:INFO:Borrowed book: Introduction to Python (ID: 1) by user Tom O'Neill (ID: 100)
2024-10-29 15:15:56,269:INFO:User     Sara Connor (ID: 101) reserved book: Introduction to Python (ID: 1)
2024-12-18 10:21:23,838:INFO:Added book: Introduction to Python (ID: 1)
2024-12-18 10:21:23,839:INFO:Added book: Data Structures (ID: 2)
2024-12-18 10:21:23,839:INFO:Added book: Algorithms Unlocked (ID: 3)
2024-12-18 10:21:23,839:INFO:Added book: Machine Learning Basics (ID: 4)
2024-12-18 10:21:23,839:INFO:Added book: Advanced Database Systems (ID: 5)
2024-12-18 10:21:23,846:INFO:Added user: Tom O'Neill (ID: 100)
2024-12-18 10:21:23,846:INFO:Added user: Sara Connor (ID: 101)
2024-12-18 10:21:23,846:INFO:Added user: James Kirk (ID: 102)
2024-12-18 10:21:23,846:INFO:Added user: Jean-Luc Picard (ID: 103)
2024-12-18 10:21:23,846:INFO:Added user: Leia Organa (ID: 104)
2025-03-13 22:21:32,860:INFO:Added book: Introduction to Python (ID: 1)
2025-03-13 22:21:32,860:INFO:Added book: Data Structures (ID: 2)
2025-03-13 22:21:32,860:INFO:Added book: Algorithms Unlocked (ID: 3)
2025-03-13 22:21:32,860:INFO:Added book: Machine Learning Basics (ID: 4)
2025-03-13 22:21:32,860:INFO:Added book: Advanced Database Systems (ID: 5)
2025-03-13 22:21:32,865:INFO:Added user: Tom O'Neill (ID: 100)
2025-03-13 22:21:32,865:INFO:Added user: Sara Connor (ID: 101)
2025-03-13 22:21:32,865:INFO:Added user: James Kirk (ID: 102)
2025-03-13 22:21:32,865:INFO:Added user: Jean-Luc Picard (ID: 103)
2025-03-13 22:21:32,866:INFO:Added user: Leia Organa (ID: 104)
2025-03-13 22:22:05,056:INFO:Added book: ads (ID: 1)
2025-03-13 22:23:12,542:INFO:Requested return of overdue book: Algorithms Unlocked (ID: 3) by user Tom O'Neill (ID: 100)
2025-03-13 22:23:25,667:INFO:Overdue request for book 'Algorithms Unlocked' marked as paid by user Tom O'Neill.
